[debug] [2023-02-02T16:06:28.948Z] ----------------------------------------------------------------------
[debug] [2023-02-02T16:06:28.950Z] Command:       C:\Program Files\nodejs\node.exe C:\Users\bonds\AppData\Roaming\npm\node_modules\firebase-tools\lib\bin\firebase.js init
[debug] [2023-02-02T16:06:28.951Z] CLI Version:   11.22.0
[debug] [2023-02-02T16:06:28.951Z] Platform:      win32
[debug] [2023-02-02T16:06:28.951Z] Node Version:  v16.16.0
[debug] [2023-02-02T16:06:28.952Z] Time:          Thu Feb 02 2023 22:06:28 GMT+0600 (Bangladesh Standard Time)
[debug] [2023-02-02T16:06:28.952Z] ----------------------------------------------------------------------
[debug] 
[debug] [2023-02-02T16:06:29.018Z] > command requires scopes: ["email","openid","https://www.googleapis.com/auth/cloudplatformprojects.readonly","https://www.googleapis.com/auth/firebase","https://www.googleapis.com/auth/cloud-platform"]
[debug] [2023-02-02T16:06:29.019Z] > authorizing via signed-in user (bondshawon18@gmail.com)
[info] 
     ######## #### ########  ######## ########     ###     ######  ########
     ##        ##  ##     ## ##       ##     ##  ##   ##  ##       ##
     ######    ##  ########  ######   ########  #########  ######  ######
     ##        ##  ##    ##  ##       ##     ## ##     ##       ## ##
     ##       #### ##     ## ######## ########  ##     ##  ######  ########

You're about to initialize a Firebase project in this directory:

  C:\projects\ebandhon

Before we get started, keep in mind:

  * You are currently outside your home directory
  * You are initializing within an existing Firebase project directory

[debug] [2023-02-02T16:07:15.953Z] ----------------------------------------------------------------------
[debug] [2023-02-02T16:07:15.954Z] Command:       C:\Program Files\nodejs\node.exe C:\Users\bonds\AppData\Roaming\npm\node_modules\firebase-tools\lib\bin\firebase.js init
[debug] [2023-02-02T16:07:15.955Z] CLI Version:   11.22.0
[debug] [2023-02-02T16:07:15.955Z] Platform:      win32
[debug] [2023-02-02T16:07:15.955Z] Node Version:  v16.16.0
[debug] [2023-02-02T16:07:15.956Z] Time:          Thu Feb 02 2023 22:07:15 GMT+0600 (Bangladesh Standard Time)
[debug] [2023-02-02T16:07:15.956Z] ----------------------------------------------------------------------
[debug] 
[debug] [2023-02-02T16:07:16.025Z] > command requires scopes: ["email","openid","https://www.googleapis.com/auth/cloudplatformprojects.readonly","https://www.googleapis.com/auth/firebase","https://www.googleapis.com/auth/cloud-platform"]
[debug] [2023-02-02T16:07:16.025Z] > authorizing via signed-in user (bondshawon18@gmail.com)
[info] 
     ######## #### ########  ######## ########     ###     ######  ########
     ##        ##  ##     ## ##       ##     ##  ##   ##  ##       ##
     ######    ##  ########  ######   ########  #########  ######  ######
     ##        ##  ##    ##  ##       ##     ## ##     ##       ## ##
     ##       #### ##     ## ######## ########  ##     ##  ######  ########

You're about to initialize a Firebase project in this directory:

  C:\projects\ebandhon

Before we get started, keep in mind:

  * You are currently outside your home directory
  * You are initializing within an existing Firebase project directory

[info] 
=== Project Setup
[info] 
[info] First, let's associate this project directory with a Firebase project.
[info] You can create multiple project aliases by running firebase use --add, 
[info] but for now we'll just set up a default project.
[info] 
[debug] [2023-02-02T16:07:23.756Z] Using project from CLI flag: bandhon-ecommerce-site
[debug] [2023-02-02T16:07:23.758Z] >>> [apiv2][query] GET https://firebase.googleapis.com/v1beta1/projects/bandhon-ecommerce-site [none]
[debug] [2023-02-02T16:07:24.667Z] <<< [apiv2][status] GET https://firebase.googleapis.com/v1beta1/projects/bandhon-ecommerce-site 403
[debug] [2023-02-02T16:07:24.667Z] <<< [apiv2][body] GET https://firebase.googleapis.com/v1beta1/projects/bandhon-ecommerce-site {"error":{"code":403,"message":"The caller does not have permission","status":"PERMISSION_DENIED"}}
[debug] [2023-02-02T16:07:24.669Z] HTTP Error: 403, The caller does not have permission
[debug] [2023-02-02T16:07:24.878Z] FirebaseError: HTTP Error: 403, The caller does not have permission
    at responseToError (C:\Users\bonds\AppData\Roaming\npm\node_modules\firebase-tools\lib\responseToError.js:49:12)
    at RetryOperation._fn (C:\Users\bonds\AppData\Roaming\npm\node_modules\firebase-tools\lib\apiv2.js:288:77)
    at processTicksAndRejections (node:internal/process/task_queues:96:5)
[error] 
[error] Error: Failed to get Firebase project bandhon-ecommerce-site. Please make sure the project exists and your account has permission to access it.
[debug] [2023-02-02T16:09:45.996Z] ----------------------------------------------------------------------
[debug] [2023-02-02T16:09:45.998Z] Command:       C:\Program Files\nodejs\node.exe C:\Users\bonds\AppData\Roaming\npm\node_modules\firebase-tools\lib\bin\firebase.js init
[debug] [2023-02-02T16:09:45.998Z] CLI Version:   11.22.0
[debug] [2023-02-02T16:09:45.998Z] Platform:      win32
[debug] [2023-02-02T16:09:45.998Z] Node Version:  v16.16.0
[debug] [2023-02-02T16:09:45.999Z] Time:          Thu Feb 02 2023 22:09:45 GMT+0600 (Bangladesh Standard Time)
[debug] [2023-02-02T16:09:46.000Z] ----------------------------------------------------------------------
[debug] 
[debug] [2023-02-02T16:09:46.068Z] > command requires scopes: ["email","openid","https://www.googleapis.com/auth/cloudplatformprojects.readonly","https://www.googleapis.com/auth/firebase","https://www.googleapis.com/auth/cloud-platform"]
[debug] [2023-02-02T16:09:46.068Z] > authorizing via signed-in user (bondshawon18@gmail.com)
[info] 
     ######## #### ########  ######## ########     ###     ######  ########
     ##        ##  ##     ## ##       ##     ##  ##   ##  ##       ##
     ######    ##  ########  ######   ########  #########  ######  ######
     ##        ##  ##    ##  ##       ##     ## ##     ##       ## ##
     ##       #### ##     ## ######## ########  ##     ##  ######  ########

You're about to initialize a Firebase project in this directory:

  C:\projects\ebandhon

Before we get started, keep in mind:

  * You are currently outside your home directory
  * You are initializing within an existing Firebase project directory

[info] 
=== Project Setup
[info] 
[info] First, let's associate this project directory with a Firebase project.
[info] You can create multiple project aliases by running firebase use --add, 
[info] but for now we'll just set up a default project.
[info] 
[debug] [2023-02-02T16:09:52.515Z] Using project from CLI flag: bandhon-ecommerce-site
[debug] [2023-02-02T16:09:52.517Z] >>> [apiv2][query] GET https://firebase.googleapis.com/v1beta1/projects/bandhon-ecommerce-site [none]
[debug] [2023-02-02T16:09:53.271Z] <<< [apiv2][status] GET https://firebase.googleapis.com/v1beta1/projects/bandhon-ecommerce-site 403
[debug] [2023-02-02T16:09:53.272Z] <<< [apiv2][body] GET https://firebase.googleapis.com/v1beta1/projects/bandhon-ecommerce-site {"error":{"code":403,"message":"The caller does not have permission","status":"PERMISSION_DENIED"}}
[debug] [2023-02-02T16:09:53.274Z] HTTP Error: 403, The caller does not have permission
[debug] [2023-02-02T16:09:53.491Z] FirebaseError: HTTP Error: 403, The caller does not have permission
    at responseToError (C:\Users\bonds\AppData\Roaming\npm\node_modules\firebase-tools\lib\responseToError.js:49:12)
    at RetryOperation._fn (C:\Users\bonds\AppData\Roaming\npm\node_modules\firebase-tools\lib\apiv2.js:288:77)
    at processTicksAndRejections (node:internal/process/task_queues:96:5)
[error] 
[error] Error: Failed to get Firebase project bandhon-ecommerce-site. Please make sure the project exists and your account has permission to access it.
[debug] [2023-02-02T16:15:24.359Z] ----------------------------------------------------------------------
[debug] [2023-02-02T16:15:24.360Z] Command:       C:\Program Files\nodejs\node.exe C:\Users\bonds\AppData\Roaming\npm\node_modules\firebase-tools\lib\bin\firebase.js init
[debug] [2023-02-02T16:15:24.361Z] CLI Version:   11.22.0
[debug] [2023-02-02T16:15:24.361Z] Platform:      win32
[debug] [2023-02-02T16:15:24.361Z] Node Version:  v16.16.0
[debug] [2023-02-02T16:15:24.379Z] Time:          Thu Feb 02 2023 22:15:24 GMT+0600 (Bangladesh Standard Time)
[debug] [2023-02-02T16:15:24.379Z] ----------------------------------------------------------------------
[debug] 
[debug] [2023-02-02T16:15:24.469Z] > command requires scopes: ["email","openid","https://www.googleapis.com/auth/cloudplatformprojects.readonly","https://www.googleapis.com/auth/firebase","https://www.googleapis.com/auth/cloud-platform"]
[debug] [2023-02-02T16:15:24.469Z] > authorizing via signed-in user (bondshawon18@gmail.com)
[info] 
     ######## #### ########  ######## ########     ###     ######  ########
     ##        ##  ##     ## ##       ##     ##  ##   ##  ##       ##
     ######    ##  ########  ######   ########  #########  ######  ######
     ##        ##  ##    ##  ##       ##     ## ##     ##       ## ##
     ##       #### ##     ## ######## ########  ##     ##  ######  ########

You're about to initialize a Firebase project in this directory:

  C:\projects\ebandhon

Before we get started, keep in mind:

  * You are currently outside your home directory
  * You are initializing within an existing Firebase project directory

[info] 
=== Project Setup
[info] 
[info] First, let's associate this project directory with a Firebase project.
[info] You can create multiple project aliases by running firebase use --add, 
[info] but for now we'll just set up a default project.
[info] 
[debug] [2023-02-02T16:15:31.620Z] Using project from CLI flag: bandhon-ecommerce-site
[debug] [2023-02-02T16:15:31.624Z] >>> [apiv2][query] GET https://firebase.googleapis.com/v1beta1/projects/bandhon-ecommerce-site [none]
[debug] [2023-02-02T16:15:32.356Z] <<< [apiv2][status] GET https://firebase.googleapis.com/v1beta1/projects/bandhon-ecommerce-site 403
[debug] [2023-02-02T16:15:32.356Z] <<< [apiv2][body] GET https://firebase.googleapis.com/v1beta1/projects/bandhon-ecommerce-site {"error":{"code":403,"message":"The caller does not have permission","status":"PERMISSION_DENIED"}}
[debug] [2023-02-02T16:15:32.357Z] HTTP Error: 403, The caller does not have permission
[debug] [2023-02-02T16:15:32.581Z] FirebaseError: HTTP Error: 403, The caller does not have permission
    at responseToError (C:\Users\bonds\AppData\Roaming\npm\node_modules\firebase-tools\lib\responseToError.js:49:12)
    at RetryOperation._fn (C:\Users\bonds\AppData\Roaming\npm\node_modules\firebase-tools\lib\apiv2.js:288:77)
    at processTicksAndRejections (node:internal/process/task_queues:96:5)
[error] 
[error] Error: Failed to get Firebase project bandhon-ecommerce-site. Please make sure the project exists and your account has permission to access it.
